RAM watch armed: total=127.7 GB, kill if Available < 8 GB, every 30s -> plans/shared-memory-day-cache/_measure/ram_18h_armB.csv
06:38:53,65474,82.9,17,94.2,57.2
06:39:25,65875,82.7,17,94.2,57.2
06:39:57,69017,79.5,17,91.1,54
06:40:29,45095,112.9,17,121.5,87.6
06:41:01,46826,112.2,17,75.5,86.6
06:41:33,56391,112.4,17,77.9,86.8
06:42:05,58563,113.4,17,81.8,87.9
06:42:37,56856,113.1,17,84.4,87.5
06:43:09,56485,113.1,17,85.7,87.6
06:43:41,55961,113.4,17,86.5,87.9
06:44:13,55485,113.6,17,87.4,88.1
06:44:45,54574,113.6,17,88.6,88.1
06:45:17,54032,113.8,17,89.5,88.4
06:45:49,53950,113.8,17,89.6,88.3
06:46:21,53675,113.9,17,90.3,88.4
06:46:53,53628,113.7,17,90.5,88.2
06:47:25,53358,113.7,17,90.9,88.3
06:47:58,53563,113.6,17,91.1,88.1
06:48:30,53417,113.4,17,91.1,88
06:49:02,53515,113.4,17,90.9,88
06:49:34,53678,113.6,17,91.1,88.2
06:50:06,53346,113.9,17,91.6,88.4
06:50:38,53249,113.8,17,91.9,88.3
06:51:10,53432,113.6,17,91.9,88.2
06:51:42,53432,113.6,17,92.2,88.2
06:52:14,53449,113.7,17,92.4,88.3
06:52:46,53113,113.9,17,93,88.5
06:53:18,53227,113.7,17,93.1,88.3
06:53:50,53465,113.7,17,91.7,88.3
06:54:22,52907,113.9,17,92.6,88.5
06:54:54,53595,113.7,17,92.2,88.3
06:55:26,53225,113.7,17,92.8,88.3
06:55:58,53259,113.7,17,93.1,88.3
06:56:30,53321,113.7,17,93.3,88.3
06:57:02,53450,113.6,17,93.5,88.3
06:57:34,53536,113.6,17,93.6,88.2
06:58:06,53376,113.6,17,94,88.2
06:58:38,53275,113.8,17,94.3,88.4
06:59:10,53383,113.6,17,94.4,88.2
06:59:42,53112,113.9,17,94.8,88.5
07:00:14,53283,113.5,17,94.9,88.2
07:00:46,53356,113.5,17,94.9,88.1
07:01:18,53204,113.6,17,95.2,88.2
07:01:50,53386,113.8,17,95.3,88.4
07:02:23,53214,113.7,17,95.7,88.3
07:02:55,53069,113.6,17,95.9,88.2
07:03:27,53110,113.7,17,96.2,88.4
07:03:59,53222,113.7,17,96.2,88.3
07:04:31,52505,114.3,17,97.2,88.9
07:05:03,52278,114.6,17,97.6,89.3
07:05:35,52449,114.4,17,97.6,89
07:06:07,51489,115.5,17,99,90.1
07:06:39,50288,116.3,17,100,90.9
07:07:11,49351,117.6,17,101.2,92.2
07:07:43,48837,117.8,17,102,92.4
07:08:15,48238,118.3,17,103.1,93.6
07:08:47,47159,119.3,17,104.2,94.5
07:09:19,46838,119.4,17,104.7,94.6
07:09:51,48341,118.6,17,105.4,93.8
07:10:23,47747,119,17,106.1,94.2
07:10:55,47523,119.1,17,106.4,94.4
07:11:27,49551,117.3,17,104.6,92.6
07:11:59,49589,114.6,17,103.1,89.8
07:12:31,49664,116.1,17,104.7,91.3
07:13:03,51767,113.6,17,102.8,88.8
07:13:35,49907,113.7,17,102.8,88.8
07:14:07,48182,119.2,17,108.3,94.3
07:14:39,49557,116.3,17,105.2,91.5
07:15:11,48996,116.2,17,105.5,91.5
07:15:44,48900,116.7,17,106.1,91.9
07:16:16,48618,116.7,17,106.3,91.9
07:16:48,47876,117.8,17,107.2,93
07:17:20,47404,117.6,17,107.7,92.9
07:17:52,48245,116.7,17,108,91.9
07:18:24,47765,116.9,17,108.5,92.2
07:18:56,47798,117.1,17,108.5,92.3
07:19:28,49922,114.4,17,106.4,89.6
07:20:00,48013,115.8,17,109.1,91
07:20:32,47087,118.2,17,111.7,93.4
07:21:04,48855,114.9,17,108.4,90.2
07:21:36,48649,114.7,17,108.6,90
07:22:08,48696,115,17,108.6,90.3
07:22:40,48364,115.1,17,109,90.3
07:23:12,50754,112,17,106.8,87.2
07:23:44,50709,111.8,17,106.8,87.1
07:24:16,50731,111.9,17,106.9,87.2
07:24:48,50431,112,17,107.3,87.2
07:25:20,50614,112.2,17,107.2,87.5
07:25:52,50115,112.2,17,107.4,87.3
07:26:24,50439,112,17,107.1,87.3
07:26:56,50373,111.8,17,107.1,87.1
07:27:28,49962,112.2,17,107.6,87.5
07:28:00,50329,111.9,17,107.3,87.2
07:28:32,50133,111.9,17,107.5,87.2
07:29:05,51973,108.8,17,106.2,84.1
07:29:37,51977,108.7,17,106.2,84
07:30:09,51960,109,17,106.2,84.3
07:30:41,51621,108.9,17,106.5,84.2
07:31:13,51655,108.9,17,106.5,84.2
07:31:45,51883,108.9,17,106.2,84.2
07:32:17,51564,109,17,106.4,84.3
07:32:49,51634,108.9,17,106.4,84.2
07:33:21,51850,108.8,17,106.3,84.2
07:33:53,51800,108.9,17,106.4,84.2
07:34:25,51814,108.9,17,106.3,84.3
07:34:57,51550,109,17,106.4,84.3
07:35:29,51464,109.1,17,106.5,84.4
07:36:01,51565,109,17,106.4,84.3
07:36:33,51006,109.5,17,107,84.8
07:37:05,50833,109.6,17,107.1,85
07:37:37,50493,110.1,17,107.5,85.4
07:38:09,49558,110.9,17,108.2,86.2
07:38:41,49641,110.9,17,108.2,86.2
07:39:13,49226,111.5,17,108.9,86.8
07:39:45,48224,112.3,17,109.7,87.6
07:40:17,48126,112.3,17,109.8,87.7
07:40:49,47712,112.8,17,110.1,88.1
07:41:21,46265,114.3,17,111.6,89.6
07:41:53,48612,112.1,17,109.5,87.4
07:42:25,53109,106.5,17,104.4,81.8
07:42:57,53219,107.2,17,104.8,82.5
07:43:30,51469,108.8,17,106.7,84.1
07:44:02,56939,103.1,17,101.2,78.4
07:44:34,56930,103.1,17,101.1,78.4
07:45:06,56655,103.4,17,101.5,78.7
07:45:38,65767,94.2,17,92.6,69.5
07:46:10,71796,88.1,17,86.7,63.4
07:46:42,77409,82.2,17,81.2,57.6
07:47:14,79851,79.7,17,78.6,54.7
07:47:46,79780,79.7,17,78.5,54.7
07:48:18,79835,79.8,17,78.5,54.8
07:48:50,80150,79.4,17,78.5,54.7
07:49:22,80058,79.4,17,78.6,54.8
07:49:54,79651,79.9,17,79,55.2
07:50:26,79510,79.9,17,79,55.3
07:50:58,79336,80.1,17,79.2,55.4
07:51:30,79368,80,17,79,55.3
07:52:02,79418,80,17,79.1,55.4
07:52:34,15761,157.9,17,144.3,133.2
07:53:06,49405,112.3,17,101.6,87.7
07:53:38,48059,113.3,17,103.1,88.8
07:54:10,48308,113.2,17,103.3,88.6
07:54:42,48047,112.9,17,103.9,88.4
07:55:14,48050,113.5,17,104.1,88.8
07:55:46,47844,113.4,17,104.5,88.8
07:56:18,48041,113.7,17,104.5,89.1
07:56:50,47529,113.8,17,105.4,89.2
07:57:22,47446,113.7,17,105.7,89.1
07:57:54,47497,113.7,17,105.8,89.1
07:58:26,47622,113.8,17,106,89.2
07:58:59,47203,113.7,17,106.5,89.1
07:59:31,47607,113.6,17,106.1,89
08:00:03,47566,113.6,17,106.3,89
08:00:35,47369,113.6,17,106.8,89
08:01:07,47412,113.8,17,106.8,89.2
08:01:39,47372,113.7,17,107,89.1
08:02:11,47229,113.7,17,107,89
08:02:43,47385,113.6,17,107.2,89
08:03:15,47259,114.1,17,107.5,89.4
08:03:47,47342,113.6,17,107.6,89
08:04:19,47416,113.7,17,107.6,89.1
08:04:51,47188,113.9,17,107.8,89.3
08:05:23,47258,114,17,108.1,89.3
08:05:55,47026,113.9,17,108.4,89.3
08:06:27,47440,113.8,17,108.2,89.2
08:06:59,47095,113.7,17,108.5,89.1
08:07:31,47340,113.8,17,108.5,89.2
08:08:03,47410,113.4,17,108.6,88.8
08:08:35,46969,114,17,109,89.4
08:09:07,47227,113.7,17,108.9,89.1
08:09:39,47130,113.8,17,109.1,89.2
08:10:11,47219,113.9,17,109.1,89.2
08:10:43,47230,113.6,17,109,89
08:11:15,47249,113.8,17,109.2,89.2
08:11:47,47237,113.9,17,109.2,89.3
08:12:20,47344,113.8,17,109.1,89.2
08:12:52,47370,113.7,17,109.2,89
08:13:24,47364,113.7,17,109.2,89.1
08:13:56,47186,113.8,17,109.4,89.2
08:14:28,47479,113.8,17,109.2,89.2
08:15:00,47256,113.8,17,109.5,89.1
08:15:32,47133,114,17,109.6,89.4
08:16:04,47100,113.9,17,109.7,89.3
08:16:36,46620,114.5,17,110.2,89.9
08:17:08,45896,115.2,17,110.9,90.6
08:17:40,44562,116.3,17,112.3,91.7
08:18:12,43301,117.9,17,113.7,93.2
08:18:44,42796,118.3,17,114.1,93.7
08:19:16,42505,118.6,17,114.3,93.9
08:19:48,41974,119.1,17,114.9,94.5
08:20:20,41680,119.2,17,115.4,94.5
08:20:52,42186,119,17,115.1,94.3
08:21:24,41839,119,17,115.1,94.4
08:21:56,42115,118.9,17,115.2,94.2
08:22:28,43007,115.3,17,111.6,90.7
08:23:00,38923,123.1,17,118.4,98.4
08:23:32,48136,112.8,17,109.4,88.1
08:24:04,46249,115,17,111.2,90.4
08:24:36,45773,115.3,17,111.8,90.7
08:25:08,44775,116.1,17,112.8,91.5
08:25:40,44359,117,17,113.3,92.4
08:26:12,43957,117,17,113.6,92.3
08:26:44,44427,116.3,17,113.2,91.6
08:27:17,44366,116.8,17,113.3,92.1
08:27:49,46706,114.9,17,111.6,90.3
08:28:21,43488,117.2,17,114.2,92.6
08:28:53,43617,117.1,17,114.1,92.4
08:29:25,43986,117.2,17,113.8,92.5
08:29:57,43545,117.2,17,114.2,92.6
08:30:29,43024,117.9,17,114.7,93.3
08:31:01,42833,118.1,17,115,93.5
08:31:33,43296,118.5,17,115.5,93.9
08:32:05,44742,116.2,17,113.2,91.5
08:32:37,44645,116.5,17,113.3,91.9
08:33:09,44397,116.5,17,113.5,91.8
08:33:41,44586,116.6,17,113.3,92
08:34:13,47351,113.5,17,110.6,88.8
08:34:45,48098,113,17,109.9,88.4
08:35:17,45765,115.1,17,112,90.5
08:35:49,45704,115.3,17,112.2,90.7
08:36:21,45600,115.1,17,112.3,90.5
08:36:53,48735,112,17,109.2,87.3
08:37:25,48847,112,17,109,87.3
08:37:57,51477,109.3,17,106.6,84.6
08:38:29,51540,109,17,106.5,84.4
08:39:01,51754,109.1,17,106.3,84.5
08:39:33,51503,109.2,17,106.5,84.6
08:40:05,51532,109.1,17,106.4,84.5
08:40:37,51707,109,17,106.1,84.3
08:41:09,51640,109,17,106.3,84.4
08:41:42,51635,109.1,17,106.3,84.4
08:42:14,51583,109.1,17,106.4,84.4
08:42:46,51558,109.2,17,106.4,84.6
08:43:18,51465,109,17,106.5,84.4
08:43:50,51552,109.1,17,106.4,84.5
08:44:22,51503,109.2,17,106.5,84.5
08:44:54,51621,109.1,17,106.4,84.4
08:45:26,51413,109.3,17,106.7,84.7
08:45:58,51525,109,17,106.5,84.4
08:46:30,50400,110.2,17,107.4,85.6
08:47:02,50171,110.2,17,107.6,85.6
08:47:34,50425,110.2,17,107.5,85.5
08:48:06,50182,110.5,17,107.8,85.8
08:48:38,50025,110.6,17,107.9,86
08:49:10,50013,110.4,17,107.9,85.7
08:49:42,50340,110.4,17,107.6,85.7
08:50:14,50075,110.6,17,107.8,86
08:50:46,49906,110.6,17,108,86
08:51:18,55933,104.7,17,102.1,80.1
08:51:50,55114,105.2,17,102.9,80.6
08:52:22,55545,105.1,17,102.5,80.5
08:52:54,55147,105.3,17,102.9,80.6
08:53:26,55217,105.5,17,102.8,80.8
08:53:58,54583,105.8,17,103.5,81.2
08:54:30,54465,106.1,17,103.6,81.4
08:55:02,53836,106.7,17,104.2,82
08:55:34,53729,106.9,17,104.3,82.2
08:56:07,55605,104.5,17,102.4,79.8
08:56:39,54755,105.7,17,103.3,81.1
08:57:11,54250,106.1,17,103.8,81.5
08:57:43,54036,106.6,17,104,81.9
08:58:15,53187,107.3,17,104.9,82.7
08:58:47,55738,104.4,17,102.1,79.7
08:59:19,58489,101.8,17,99.5,77.1
08:59:51,60670,99.5,17,97.5,74.9
09:00:23,63488,96.6,17,94.8,72
09:00:55,68760,91.2,17,89.6,66.5
09:01:27,68509,91.6,17,89.8,66.8
09:01:59,68679,88.4,17,86.9,63.8
09:02:31,71543,88.5,17,86.9,63.8
09:03:03,73756,86.1,17,84.7,61.4
09:03:35,76640,83.1,17,81.8,58.4
09:04:07,79471,80.3,17,79.1,55.6
09:04:39,79521,80.1,17,79.1,55.5
09:05:11,79446,80.3,17,79.2,55.6
09:05:43,70665,96,17,94,71.4
09:06:15,48584,112.8,17,109.3,88.2
09:06:47,47091,113.9,17,110.8,89.2
09:07:19,47383,113.8,17,110.5,89.2
09:07:51,47373,113.2,17,110.5,88.6
09:08:23,47282,114.1,17,110.7,89.5
09:08:55,46807,113.9,17,111.1,89.3
09:09:27,47131,114.1,17,110.6,89.5
09:09:59,46581,114.2,17,111.3,89.6
09:10:31,46877,114,17,111,89.4
09:11:04,46627,114.1,17,111.2,89.5
09:11:36,46916,114,17,111,89.4
09:12:08,46530,114.2,17,111.4,89.6
09:12:40,46900,113.8,17,111,89.2
09:13:12,46903,113.8,17,110.9,89.1
09:13:44,46673,114.1,17,111.2,89.5
09:14:16,46939,114.1,17,110.9,89.5
09:14:48,46468,114.2,17,111.4,89.6
09:15:20,47079,114.1,17,110.9,89.5
09:15:52,46860,113.9,17,111.1,89.4
09:16:24,46931,114.1,17,111,89.5
09:16:56,46718,114,17,111.1,89.4
09:17:28,46815,114.2,17,111.1,89.5
09:18:00,46786,114.1,17,111.1,89.5
09:18:32,46270,114.4,17,111.6,89.7
09:19:04,47071,114.2,17,110.8,89.5
09:19:36,46519,114.1,17,111.2,89.5
09:20:08,46647,114.2,17,111.2,89.6
09:20:40,46755,114.1,17,111.1,89.5
09:21:12,46678,114,17,111.2,89.4
09:21:44,46929,114.1,17,110.9,89.4
09:22:16,46754,114.1,17,111.1,89.4
09:22:48,46451,114.2,17,111.4,89.5
09:23:20,46813,114,17,111.1,89.4
09:23:52,46598,114.1,17,111.3,89.5
09:24:24,46659,114.3,17,111.3,89.7
09:24:57,46772,114,17,111.2,89.4
09:25:29,46815,113.8,17,111,89.2
09:26:01,46645,114.2,17,111,89.5
09:26:33,46482,114.4,17,111.4,89.7
09:27:05,46645,114.1,17,111.2,89.4
09:27:37,46640,114.1,17,111.2,89.4
09:28:09,46601,114.4,17,111.3,89.7
09:28:41,46094,114.9,17,111.8,90.3
09:29:13,45717,114.9,17,112.1,90.3
09:29:45,45513,115.5,17,112.4,90.8
09:30:17,44100,116.7,17,113.7,92.1
09:30:49,43698,117.4,17,114.1,92.7
09:31:21,43410,117.3,17,114.4,92.7
09:31:53,42321,118.6,17,115.5,93.9
09:32:25,41412,119.5,17,116.3,94.8
09:32:57,41022,119.6,17,116.7,95
09:33:29,40016,122.6,17,119.2,98
09:34:01,40875,119.7,17,116.7,95.1
09:34:33,41027,119.7,17,116.7,95.1
09:35:05,42816,118.3,17,114.9,93.6
09:35:37,42679,118.2,17,115.1,93.5
09:36:09,43383,117.5,17,114.4,92.9
09:36:41,47245,113.8,17,110.6,89.1
09:37:13,43502,118.8,17,116,94.2
09:37:45,44832,116.4,17,113,91.7
09:38:17,44272,116.9,17,113.6,92.3
09:38:49,44349,116.5,17,113.3,91.8
09:39:21,43934,117,17,113.9,92.3
09:39:54,44139,117,17,113.7,92.4
09:40:26,43035,117.8,17,114.8,93.1
09:40:58,43543,117.5,17,114.3,92.9
09:41:30,43059,117.5,17,114.5,92.8
09:42:02,43554,117.5,17,114.3,92.9
09:42:34,43356,117.7,17,114.4,93.1
09:43:06,43114,117.8,17,114.7,93.2
09:43:38,45593,115.8,17,112.7,91.1
09:44:10,44028,117,17,113.8,92.3
09:44:42,45451,115.5,17,112.4,90.8
09:45:14,45591,115.6,17,112.4,91
09:45:46,45225,115.9,17,112.7,91.2
09:46:18,44779,116.1,17,113.1,91.5
09:46:50,48283,112.6,17,109.6,88
09:47:22,48333,112.7,17,109.5,88
09:47:54,48077,112.7,17,109.7,88.1
09:48:26,47883,113.1,17,110,88.4
09:48:58,47811,113,17,109.9,88.3
09:49:30,47817,113,17,110.1,88.3
09:50:02,48386,113,17,109.6,88.4
09:50:34,47635,113.1,17,110.2,88.5
09:51:06,47981,112.8,17,109.8,88.1
09:51:38,48105,112.8,17,109.7,88.2
09:52:10,50778,109.9,17,107.1,85.2
09:52:42,51001,109.8,17,106.9,85.1
09:53:14,51113,109.8,17,106.8,85.1
09:53:47,50750,109.9,17,107.2,85.2
09:54:19,50890,109.7,17,106.9,85
09:54:51,51076,109.8,17,106.8,85.1
09:55:23,50926,109.9,17,107,85.2
09:55:55,50922,109.8,17,107,85.1
09:56:27,51019,109.8,17,106.9,85.2
09:56:59,50686,109.7,17,107.3,85.1
09:57:31,50871,109.9,17,106.9,85.3
09:58:03,50725,109.9,17,107.2,85.3
09:58:35,50825,110,17,107.2,85.3
09:59:07,50433,110.5,17,107.5,85.8
09:59:39,49029,111.7,17,108.7,87
10:00:11,48657,112.2,17,109.2,87.5
10:00:43,47812,113.1,17,110.1,88.4
10:01:15,47022,113.9,17,110.7,89.2
10:01:47,46085,114.5,17,111.8,89.8
10:02:19,46135,114.5,17,111.7,89.8
10:02:51,45531,115.2,17,112.2,90.5
10:03:23,48617,112.2,17,109.2,87.5
10:03:55,48254,112.2,17,109.5,87.5
10:04:27,54165,106.2,17,103.8,81.5
10:04:59,59702,100.5,17,98.5,75.9
10:05:31,62784,97.7,17,95.5,73
10:06:03,65406,94.9,17,92.8,70.2
10:06:35,67672,92.5,17,90.7,67.8
10:07:07,66850,93.4,17,91.5,68.7
10:07:39,66606,93.6,17,91.7,68.9
10:08:11,69124,90.9,17,89.3,66.2
10:08:43,69323,90.7,17,89.1,66
10:09:16,69276,90.8,17,89.1,66.1
10:09:48,74455,85.5,17,84,60.8
10:10:20,77386,82.4,17,81.2,57.7
10:10:52,77130,82.6,17,81.4,57.9
10:11:24,76802,83.2,17,81.8,58.5
10:11:56,76632,83.1,17,81.9,58.4
10:12:28,79598,80,17,78.9,55.4
10:13:00,79763,80,17,78.9,55.4
10:13:32,79663,80.1,17,79,55.4
10:14:04,46633,114.8,17,110.7,90.1
10:14:36,48381,113,17,109.9,88.4
10:15:08,48251,113.9,17,110.1,89.3
10:15:40,47846,113.5,17,110.4,88.9
10:16:12,47881,113.8,17,110.4,89.2
10:16:44,47687,114,17,110.6,89.4
10:17:16,47440,114.3,17,110.8,89.6
10:17:48,47249,114.4,17,111,89.8
10:18:20,46853,114.4,17,111.4,89.8
10:18:52,47557,114.2,17,110.6,89.6
10:19:24,47101,114.1,17,111.1,89.5
10:19:56,47573,114.1,17,110.7,89.4
10:20:28,47216,114.3,17,111,89.6
10:21:00,47322,114,17,110.8,89.3
10:21:32,47526,114.1,17,110.7,89.4
10:22:04,47111,114.2,17,111.1,89.6
10:22:36,47571,114.3,17,110.7,89.6
10:23:08,46721,114.5,17,111.3,89.8
10:23:40,47281,114.2,17,110.9,89.6
10:24:13,47192,114.2,17,110.9,89.5
10:24:45,47202,114.3,17,111,89.6
10:25:17,47290,114.3,17,110.8,89.6
10:25:49,47061,114.4,17,111.1,89.7
10:26:21,47097,114.4,17,110.9,89.7
10:26:53,47208,114.4,17,111,89.7
10:27:25,46888,114.3,17,111.2,89.6
10:27:57,47120,114,17,111,89.4
10:28:29,47262,114.4,17,110.9,89.7
10:29:01,47048,114.3,17,111.2,89.7
10:29:33,46873,114.4,17,111.3,89.7
10:30:05,47116,114.3,17,111,89.7
10:30:37,47008,114.2,17,111,89.6
10:31:09,47207,114.1,17,111,89.5
10:31:41,46923,114.2,17,111.1,89.5
10:32:13,47338,114.1,17,110.8,89.5
10:32:45,46755,114.3,17,111.4,89.6
10:33:17,47377,114.2,17,110.8,89.5
10:33:49,46956,114.2,17,111.2,89.5
10:34:21,47120,114.3,17,111,89.6
10:34:53,46867,114.2,17,111.3,89.6
10:35:25,47007,114.2,17,111,89.5
10:35:57,47060,114.2,17,111,89.6
10:36:29,46550,114.8,17,111.7,90.2
10:37:01,45762,115.4,17,112.1,90.7
10:37:33,45747,115.4,17,112.3,90.8
10:38:05,45724,115.6,17,112.3,91
10:38:37,45198,116,17,112.8,91.3
10:39:10,44333,117,17,113.6,92.3
10:39:42,44115,117,17,113.8,92.3
10:40:14,43027,118,17,114.9,93.4
10:40:46,42341,119.2,17,115.5,94.6
10:41:18,41406,119.6,17,116.6,95
10:41:50,41605,119.5,17,116.2,94.9
10:42:22,40885,120.4,17,117.1,95.8
10:42:54,40800,120.3,17,117.1,95.6
10:43:26,40515,121,17,117.4,96.3
10:43:58,40455,118.2,17,115,93.5
10:44:30,42368,119.1,17,115.6,94.4
10:45:02,45746,115.6,17,112.3,91
10:45:34,42949,118.1,17,114.9,93.4
10:46:06,40446,120.6,17,117.3,96
10:46:38,46464,114.5,17,111.3,89.9
10:47:10,46117,115.6,17,112.1,90.9
10:47:42,45274,116.2,17,112.7,91.4
10:48:14,44852,116.4,17,113.1,91.7
10:48:46,45591,115.5,17,112.4,90.8
10:49:18,45100,116.2,17,112.7,91.5
10:49:50,44851,116.2,17,113,91.5
10:50:22,44419,116.8,17,113.5,92.1
10:50:54,44245,116.8,17,113.7,92.1
10:51:26,44255,117.1,17,113.7,92.4
10:51:58,44903,116.1,17,113.1,91.4
10:52:31,44458,116.8,17,113.5,92.2
10:53:03,44102,116.9,17,113.8,92.2
10:53:35,45184,115.9,17,112.7,91.2
10:54:07,44733,116.1,17,113.2,91.5
10:54:39,45187,116,17,112.8,91.3
10:55:11,47057,114.7,17,111.5,89.9
10:55:43,45773,115.5,17,112.3,90.8
10:56:15,48654,112.5,17,109.4,87.8
10:56:47,48768,112.5,17,109.3,87.8
10:57:19,48421,112.8,17,109.7,88.1
10:57:51,48259,112.7,17,109.7,88
10:58:23,51737,109.3,17,106.3,84.7
10:58:55,51252,109.5,17,106.9,84.8
10:59:27,51615,109.4,17,106.5,84.7
10:59:59,51507,109.4,17,106.6,84.7
11:00:31,51343,109.5,17,106.6,84.8
11:01:03,51311,109.5,17,106.5,84.7
11:01:35,51163,109.6,17,106.7,84.8
11:02:07,51311,109.6,17,106.6,84.9
11:02:39,51434,109.6,17,106.5,84.8
11:03:11,51188,109.6,17,106.7,84.8
11:03:43,51409,109.6,17,106.5,84.8
11:04:15,50527,110.2,17,107.3,85.4
11:04:47,50574,110.3,17,107.2,85.5
11:05:19,50417,110.3,17,107.4,85.5
11:05:51,50419,110.3,17,107.5,85.6
11:06:23,50212,110.4,17,107.6,85.7
11:06:56,50476,110.3,17,107.4,85.6
11:07:28,49859,110.9,17,108,86.1
11:08:00,49542,111.4,17,108.4,86.6
11:08:32,48756,112,17,108.9,87.3
11:09:04,50607,109.9,17,107.2,85.2
11:09:36,50678,110.2,17,107.3,85.5
11:10:08,50253,110.4,17,107.6,85.7
11:10:40,49480,111.3,17,108.4,86.5
11:11:12,48687,111.8,17,109.1,87.1
11:11:44,51467,109,17,106.3,84.3
11:12:16,50700,110,17,107.2,85.3
11:12:48,50203,110.3,17,107.7,85.6
11:13:20,58787,101.6,17,99.3,76.9
11:13:52,58888,101.6,17,99.2,76.9
11:14:24,58618,101.9,17,99.5,77.2
11:14:56,61212,96.8,17,94.9,72
11:15:28,66989,93.2,17,91.3,68.5
11:16:00,66766,93.5,17,91.5,68.7
11:16:32,72288,87.8,17,86.1,63.1
11:17:04,71901,88,17,86.5,63.3
11:17:36,71303,88.6,17,86.9,63.9
11:18:08,71325,88.7,17,87,63.9
11:18:40,74150,85.8,17,84.3,61.1
11:19:12,77106,82.7,17,81.4,57.9
11:19:44,76652,83.2,17,81.8,58.5
11:20:16,79682,80.1,17,78.9,55.4
11:20:48,79501,80.3,17,79.1,55.6
11:21:20,79516,80.2,17,79.1,55.5
11:21:52,79489,80.2,17,79,55.5
11:22:25,103775,49.4,13,11,24.7
11:22:57,119525,24.6,0,0,0
11:23:29,119509,24.6,0,0,0
11:24:01,119529,24.6,0,0,0
11:24:33,119540,24.6,0,0,0
11:25:05,119532,24.6,0,0,0
11:25:37,119519,24.6,0,0,0
11:26:09,119498,24.6,0,0,0
11:26:41,119501,24.6,0,0,0
11:27:13,119524,24.6,0,0,0
11:27:45,119505,24.6,0,0,0
11:28:17,119516,24.6,0,0,0
11:28:49,119516,24.6,0,0,0
11:29:21,119507,24.7,0,0,0
11:29:53,119503,24.7,0,0,0
11:30:25,119484,24.6,0,0,0
11:30:57,119495,24.6,0,0,0
11:31:29,119530,24.6,0,0,0
11:32:01,119485,24.6,0,0,0
11:32:33,119498,24.6,0,0,0
11:33:05,119465,24.6,0,0,0
11:33:37,119425,24.6,0,0,0
11:34:09,119471,24.7,0,0,0
11:34:41,119454,24.7,0,0,0
11:35:13,119460,24.7,0,0,0
11:35:45,119411,24.7,0,0,0
11:36:17,119450,24.7,0,0,0
11:36:49,119458,24.7,0,0,0
11:37:21,119438,24.7,0,0,0
11:37:53,119426,24.7,0,0,0
11:38:25,119428,24.7,0,0,0
11:38:57,119438,24.7,0,0,0
11:39:29,119436,24.7,0,0,0
11:40:02,119413,24.7,0,0,0
11:40:34,119447,24.7,0,0,0
11:41:06,119440,24.7,0,0,0
11:41:38,119424,24.7,0,0,0
11:42:10,119443,24.7,0,0,0
11:42:42,119436,24.7,0,0,0
11:43:14,119449,24.7,0,0,0
11:43:46,119434,24.6,0,0,0
11:44:18,119442,24.7,0,0,0
11:44:50,119454,24.7,0,0,0
11:45:22,119443,24.7,0,0,0
11:45:54,119462,24.7,0,0,0
11:46:26,119455,24.6,0,0,0
11:46:58,119458,24.7,0,0,0
11:47:30,119465,24.7,0,0,0
11:48:02,119374,24.7,0,0,0
11:48:34,119414,24.7,0,0,0
11:49:06,119439,24.6,0,0,0
11:49:38,119449,24.6,0,0,0
11:50:10,119449,24.7,0,0,0
11:50:42,119448,24.6,0,0,0
11:51:14,119461,24.6,0,0,0
11:51:46,119444,24.6,0,0,0
11:52:18,119457,24.6,0,0,0
11:52:50,119452,24.7,0,0,0
11:53:22,119408,24.7,0,0,0
11:53:54,119451,24.7,0,0,0
11:54:26,119446,24.6,0,0,0
11:54:58,119445,24.6,0,0,0
11:55:30,119458,24.6,0,0,0
11:56:03,119439,24.7,0,0,0
11:56:35,119461,24.6,0,0,0
11:57:07,119454,24.6,0,0,0
11:57:39,119428,24.6,0,0,0
11:58:11,119449,24.6,0,0,0
11:58:43,119442,24.6,0,0,0
11:59:15,119449,24.6,0,0,0
11:59:47,119435,24.6,0,0,0
12:00:19,119429,24.6,0,0,0
12:00:51,119405,24.7,0,0,0
12:01:23,119384,24.7,0,0,0
12:01:55,119416,24.7,0,0,0
12:02:27,119402,24.7,0,0,0
12:02:59,119400,24.6,0,0,0
12:03:31,119401,24.7,0,0,0
12:04:03,119399,24.7,0,0,0
12:04:35,119429,24.7,0,0,0
12:05:07,119422,24.6,0,0,0
12:05:39,119434,24.7,0,0,0
12:06:11,119406,24.7,0,0,0
12:06:43,119415,24.7,0,0,0
12:07:15,119435,24.7,0,0,0
12:07:47,119422,24.6,0,0,0
12:08:19,119433,24.6,0,0,0
12:08:51,119434,24.7,0,0,0
12:09:23,119405,24.7,0,0,0
12:09:55,119431,24.7,0,0,0
12:10:27,119425,24.6,0,0,0
12:10:59,119431,24.6,0,0,0
12:11:31,119432,24.7,0,0,0
12:12:04,119411,24.7,0,0,0
12:12:36,119432,24.7,0,0,0
12:13:08,119416,24.6,0,0,0
12:13:40,119447,24.6,0,0,0
12:14:12,119427,24.7,0,0,0
12:14:44,119409,24.7,0,0,0
12:15:16,119443,24.7,0,0,0
12:15:48,119413,24.6,0,0,0
12:16:20,119427,24.6,0,0,0
12:16:52,119430,24.7,0,0,0
12:17:24,119400,24.7,0,0,0
12:17:56,119423,24.7,0,0,0
12:18:28,119412,24.6,0,0,0
12:19:00,119419,24.6,0,0,0
12:19:32,119438,24.7,0,0,0
12:20:04,119414,24.7,0,0,0
12:20:36,119450,24.6,0,0,0
12:21:08,119412,24.6,0,0,0
12:21:40,119416,24.6,0,0,0
12:22:12,119419,24.7,0,0,0
12:22:44,119396,24.7,0,0,0
12:23:16,119431,24.6,0,0,0
12:23:48,119422,24.6,0,0,0
12:24:20,119439,24.6,0,0,0
12:24:52,119395,24.7,0,0,0
12:25:24,119360,24.7,0,0,0
12:25:56,119377,24.7,0,0,0
12:26:28,119384,24.7,0,0,0
12:27:00,119414,24.6,0,0,0
12:27:32,119409,24.7,0,0,0
12:28:04,119398,24.7,0,0,0
12:28:36,119412,24.7,0,0,0
12:29:09,119392,24.6,0,0,0
12:29:41,119408,24.6,0,0,0
12:30:13,119395,24.7,0,0,0
12:30:45,119411,24.6,0,0,0
12:31:17,119404,24.7,0,0,0
12:31:49,119397,24.6,0,0,0
12:32:21,119404,24.7,0,0,0
12:32:53,119387,24.7,0,0,0
12:33:25,119384,24.7,0,0,0
12:33:57,119392,24.7,0,0,0
12:34:29,119399,24.6,0,0,0
12:35:01,119431,24.6,0,0,0
12:35:33,119331,24.7,0,0,0
12:36:05,119365,24.7,0,0,0
12:36:37,119376,24.7,0,0,0
12:37:09,119394,24.7,0,0,0
12:37:41,119384,24.7,0,0,0
12:38:13,119376,24.7,0,0,0
12:38:45,119341,24.7,0,0,0
12:39:17,119346,24.7,0,0,0
12:39:49,119388,24.7,0,0,0
12:40:21,119385,24.6,0,0,0
12:40:53,119376,24.7,0,0,0
12:41:25,119374,24.7,0,0,0
12:41:57,119330,24.7,0,0,0
12:42:29,119378,24.7,0,0,0
12:43:01,119382,24.7,0,0,0
12:43:33,119323,24.7,0,0,0
12:44:05,119381,24.6,0,0,0
12:44:37,119383,24.7,0,0,0
12:45:09,119399,24.6,0,0,0
12:45:42,119393,24.7,0,0,0
12:46:14,119377,24.7,0,0,0
12:46:46,119372,24.6,0,0,0
12:47:18,119385,24.7,0,0,0
12:47:50,119391,24.7,0,0,0
12:48:22,119372,24.7,0,0,0
12:48:54,119283,24.7,0,0,0
12:49:26,119267,24.7,0,0,0
12:49:58,119285,24.7,0,0,0
12:50:30,119298,24.7,0,0,0
12:51:02,119318,24.7,0,0,0
12:51:34,119307,24.7,0,0,0
12:52:06,119307,24.7,0,0,0
12:52:38,119301,24.7,0,0,0
12:53:10,119298,24.7,0,0,0
12:53:42,119315,24.7,0,0,0
12:54:14,119290,24.7,0,0,0
12:54:46,119288,24.7,0,0,0
12:55:18,119259,24.7,0,0,0
12:55:50,119304,24.7,0,0,0
12:56:22,119316,24.7,0,0,0
12:56:54,119301,24.7,0,0,0
12:57:26,119307,24.7,0,0,0
12:57:58,119306,24.7,0,0,0
12:58:30,119307,24.6,0,0,0
12:59:02,119317,24.6,0,0,0
12:59:34,119294,24.7,0,0,0
13:00:06,119287,24.7,0,0,0
13:00:38,119290,24.7,0,0,0
13:01:10,119250,24.7,0,0,0
13:01:42,119195,24.8,0,0,0
13:02:14,119205,24.8,0,0,0
13:02:46,119210,24.7,0,0,0
13:03:18,119190,24.7,0,0,0
13:03:51,119252,24.7,0,0,0
13:04:23,119284,24.7,0,0,0
13:04:55,119250,24.7,0,0,0
13:05:27,119259,24.7,0,0,0
13:05:59,119053,25,0,0,0
13:06:31,119268,24.7,0,0,0
13:07:03,119291,24.7,0,0,0
13:07:35,119258,24.7,0,0,0
13:08:07,119256,24.7,0,0,0
13:08:39,119261,24.7,0,0,0
13:09:11,119260,24.7,0,0,0
13:09:43,119274,24.7,0,0,0
13:10:15,119236,24.7,0,0,0
13:10:47,119246,24.7,0,0,0
13:11:19,119246,24.7,0,0,0
13:11:51,119283,24.7,0,0,0
13:12:23,119280,24.7,0,0,0
13:12:55,119266,24.7,0,0,0
13:13:27,119268,24.8,0,0,0
13:13:59,119264,24.8,0,0,0
13:14:31,119252,24.7,0,0,0
13:15:03,119263,24.7,0,0,0
13:15:35,119291,24.7,0,0,0
13:16:07,119277,24.7,0,0,0
13:16:39,119272,24.7,0,0,0
13:17:11,119288,24.7,0,0,0
13:17:43,119281,24.7,0,0,0
13:18:15,119255,24.7,0,0,0
13:18:47,119261,24.7,0,0,0
13:19:19,119269,24.7,0,0,0
13:19:51,119275,24.7,0,0,0
13:20:23,119274,24.7,0,0,0
13:20:56,119252,24.7,0,0,0
13:21:28,119255,24.7,0,0,0
13:22:00,119254,24.7,0,0,0
13:22:32,119262,24.7,0,0,0
13:23:04,119291,24.7,0,0,0
13:23:36,119226,24.7,0,0,0
13:24:08,119269,24.7,0,0,0
13:24:40,119267,24.7,0,0,0
13:25:12,119281,24.7,0,0,0
13:25:44,119234,24.7,0,0,0
13:26:16,119245,24.7,0,0,0
13:26:48,119265,24.7,0,0,0
13:27:20,119259,24.7,0,0,0
13:27:52,119274,24.7,0,0,0
13:28:24,119280,24.7,0,0,0
13:28:56,119214,24.7,0,0,0
13:29:28,119212,24.7,0,0,0
13:30:00,119250,24.7,0,0,0
13:30:32,119264,24.7,0,0,0
13:31:04,119281,24.7,0,0,0
13:31:36,119258,24.7,0,0,0
13:32:08,119219,24.8,0,0,0
13:32:40,119209,24.8,0,0,0
13:33:12,119218,24.7,0,0,0
13:33:44,119232,24.7,0,0,0
13:34:16,119212,24.7,0,0,0
13:34:48,119213,24.7,0,0,0
13:35:20,119220,24.7,0,0,0
13:35:52,119170,24.7,0,0,0
13:36:24,119211,24.7,0,0,0
13:36:56,119187,24.8,0,0,0
13:37:29,119188,24.8,0,0,0
13:38:01,119189,24.8,0,0,0
13:38:33,119213,24.7,0,0,0
13:39:05,119209,24.7,0,0,0
13:39:37,119180,24.8,0,0,0
13:40:09,119203,24.7,0,0,0
13:40:41,119202,24.7,0,0,0
13:41:13,119208,24.7,0,0,0
13:41:45,119199,24.7,0,0,0
13:42:17,119178,24.8,0,0,0
13:42:49,119184,24.8,0,0,0
13:43:21,119185,24.7,0,0,0
13:43:53,119203,24.7,0,0,0
13:44:25,119200,24.7,0,0,0
13:44:57,119193,24.8,0,0,0
13:45:29,119192,24.7,0,0,0
13:46:01,119190,24.8,0,0,0
13:46:33,119204,24.7,0,0,0
13:47:05,119223,24.7,0,0,0
13:47:37,119193,24.7,0,0,0
13:48:09,119170,24.8,0,0,0
13:48:41,119186,24.8,0,0,0
13:49:13,119192,24.7,0,0,0
13:49:45,119206,24.7,0,0,0
13:50:17,119191,24.7,0,0,0
13:50:49,119180,24.7,0,0,0
13:51:21,119198,24.7,0,0,0
13:51:53,119206,24.7,0,0,0
13:52:25,119195,24.7,0,0,0
13:52:57,119195,24.7,0,0,0
13:53:29,119175,24.7,0,0,0
13:54:01,119164,24.8,0,0,0
13:54:34,119205,24.7,0,0,0
13:55:06,119199,24.7,0,0,0
13:55:38,119192,24.7,0,0,0
13:56:10,119181,24.7,0,0,0
13:56:42,119189,24.7,0,0,0
13:57:14,119152,24.7,0,0,0
13:57:46,119146,24.8,0,0,0
13:58:18,119156,24.8,0,0,0
13:58:50,119152,24.7,0,0,0
13:59:22,119152,24.8,0,0,0
13:59:54,119165,24.7,0,0,0
14:00:26,119155,24.8,0,0,0
14:00:58,119127,24.8,0,0,0
14:01:30,119114,24.7,0,0,0
14:02:02,119114,24.7,0,0,0
14:02:34,119158,24.7,0,0,0
14:03:06,119106,24.8,0,0,0
14:03:38,119054,24.8,0,0,0
14:04:10,119115,24.8,0,0,0
14:04:42,119118,24.8,0,0,0
14:05:14,119126,24.7,0,0,0
14:05:46,119131,24.8,0,0,0
14:06:18,119118,24.8,0,0,0
14:06:50,119120,24.8,0,0,0
14:07:22,119114,24.7,0,0,0
14:07:54,119124,24.7,0,0,0
14:08:26,119128,24.8,0,0,0
14:08:58,119124,24.8,0,0,0
14:09:30,119110,24.8,0,0,0
14:10:02,119106,24.7,0,0,0
14:10:34,119126,24.7,0,0,0
14:11:06,119117,24.8,0,0,0
14:11:38,119115,24.8,0,0,0
14:12:10,119115,24.8,0,0,0
14:12:43,119117,24.8,0,0,0
14:13:15,119116,24.8,0,0,0
14:13:47,119125,24.8,0,0,0
14:14:19,119097,24.8,0,0,0
14:14:51,119107,24.8,0,0,0
14:15:23,119111,24.8,0,0,0
14:15:55,119118,24.8,0,0,0
14:16:27,119110,24.8,0,0,0
14:16:59,119086,24.8,0,0,0
14:17:31,119090,24.8,0,0,0
14:18:03,119078,24.8,0,0,0
14:18:35,119109,24.8,0,0,0
14:19:07,119110,24.8,0,0,0
14:19:39,119076,24.8,0,0,0
14:20:11,119085,24.8,0,0,0
14:20:43,119063,24.8,0,0,0
14:21:15,119081,24.8,0,0,0
14:21:47,119089,24.8,0,0,0
14:22:19,119062,24.8,0,0,0
14:22:51,119059,24.8,0,0,0
14:23:23,119046,24.8,0,0,0
14:23:55,119083,24.8,0,0,0
14:24:27,119087,24.8,0,0,0
14:24:59,119073,24.8,0,0,0
14:25:31,119073,24.9,0,0,0
14:26:03,119026,24.8,0,0,0
14:26:35,119048,24.8,0,0,0
14:27:07,119052,24.8,0,0,0
14:27:39,119060,24.8,0,0,0
14:28:11,119064,24.8,0,0,0
14:28:43,119067,24.8,0,0,0
14:29:15,119087,24.8,0,0,0
14:29:48,119116,24.7,0,0,0
14:30:20,119116,24.7,0,0,0
14:30:52,119111,24.7,0,0,0
14:31:24,119111,24.7,0,0,0
14:31:56,119070,24.8,0,0,0
14:32:28,119064,24.8,0,0,0
14:33:00,119059,24.8,0,0,0
14:33:32,119051,24.8,0,0,0
14:34:04,119063,24.8,0,0,0
14:34:36,119071,24.8,0,0,0
14:35:08,119080,24.8,0,0,0
14:35:40,119070,24.8,0,0,0
14:36:12,118992,24.8,0,0,0
14:36:44,119050,24.8,0,0,0
14:37:16,119048,24.8,0,0,0
14:37:48,119073,24.8,0,0,0
14:38:20,119061,24.8,0,0,0
14:38:52,119063,24.8,0,0,0
14:39:24,119067,24.8,0,0,0
14:39:56,119082,24.7,0,0,0
14:40:28,119090,24.8,0,0,0
14:41:00,119072,24.8,0,0,0
14:41:32,119073,24.8,0,0,0
14:42:04,119077,24.7,0,0,0
14:42:36,119084,24.7,0,0,0
14:43:08,119090,24.8,0,0,0
14:43:40,119081,24.8,0,0,0
14:44:12,119072,24.8,0,0,0
14:44:44,119090,24.7,0,0,0
14:45:17,119091,24.7,0,0,0
14:45:49,119084,24.8,0,0,0
14:46:21,119068,24.8,0,0,0
14:46:53,119068,24.8,0,0,0
14:47:25,119029,24.8,0,0,0
14:47:57,119038,24.8,0,0,0
14:48:29,119018,24.8,0,0,0
14:49:01,118959,24.9,0,0,0
14:49:33,118993,24.8,0,0,0
14:50:05,119021,24.8,0,0,0
14:50:37,119025,24.8,0,0,0
14:51:09,119034,24.8,0,0,0
14:51:41,119021,24.9,0,0,0
14:52:13,119023,24.9,0,0,0
14:52:45,118995,24.8,0,0,0
14:53:17,118992,24.8,0,0,0
14:53:49,119046,24.8,0,0,0
14:54:21,119038,24.8,0,0,0
14:54:53,119039,24.8,0,0,0
14:55:25,119050,24.8,0,0,0
14:55:57,119087,24.7,0,0,0
14:56:29,119080,24.8,0,0,0
14:57:01,119053,24.8,0,0,0
14:57:33,119044,24.8,0,0,0
14:58:05,119056,24.8,0,0,0
14:58:37,119059,24.8,0,0,0
14:59:09,119070,24.8,0,0,0
14:59:41,119052,24.8,0,0,0
15:00:13,119050,24.8,0,0,0
15:00:46,119029,24.8,0,0,0
15:01:18,119067,24.8,0,0,0
15:01:50,119020,24.8,0,0,0
15:02:22,119016,24.8,0,0,0
15:02:54,118997,24.8,0,0,0
15:03:26,118998,24.8,0,0,0
15:03:58,119041,24.8,0,0,0
15:04:30,119030,24.8,0,0,0
15:05:02,119024,24.8,0,0,0
15:05:34,119037,24.8,0,0,0
15:06:06,119050,24.8,0,0,0
15:06:38,119051,24.8,0,0,0
15:07:10,119042,24.8,0,0,0
15:07:42,119027,24.8,0,0,0
15:08:14,119038,24.8,0,0,0
15:08:46,119045,24.8,0,0,0
15:09:18,119034,24.8,0,0,0
15:09:50,119017,24.8,0,0,0
15:10:22,119024,24.8,0,0,0
15:10:54,119015,24.8,0,0,0
15:11:26,119046,24.8,0,0,0
15:11:58,119043,24.8,0,0,0
15:12:30,119010,24.8,0,0,0
15:13:02,119024,24.8,0,0,0
15:13:34,118955,24.8,0,0,0
15:14:06,119032,24.8,0,0,0
15:14:38,119046,24.8,0,0,0
15:15:10,119031,24.8,0,0,0
15:15:42,119027,24.8,0,0,0
15:16:15,119004,24.8,0,0,0
15:16:47,119021,24.8,0,0,0
15:17:19,119020,24.8,0,0,0
15:17:51,119010,24.8,0,0,0
15:18:23,118982,24.8,0,0,0
15:18:55,118978,24.8,0,0,0
15:19:27,119014,24.8,0,0,0
15:19:59,119007,24.8,0,0,0
15:20:31,119003,24.8,0,0,0
15:21:03,118976,24.8,0,0,0
15:21:35,118990,24.8,0,0,0
15:22:07,119024,24.8,0,0,0
15:22:39,119019,24.8,0,0,0
15:23:11,118984,24.8,0,0,0
15:23:43,118990,24.8,0,0,0
15:24:15,118986,24.8,0,0,0
15:24:47,119017,24.8,0,0,0
15:25:19,119015,24.8,0,0,0
15:25:51,118971,24.8,0,0,0
15:26:23,118977,24.8,0,0,0
15:26:55,119009,24.8,0,0,0
15:27:27,119015,24.8,0,0,0
15:27:59,119013,24.8,0,0,0
15:28:31,118999,24.8,0,0,0
15:29:03,118996,24.8,0,0,0
15:29:35,118998,24.8,0,0,0
15:30:07,118998,24.8,0,0,0
15:30:39,119011,24.8,0,0,0
15:31:11,118988,24.8,0,0,0
15:31:43,118981,24.8,0,0,0
15:32:15,118945,24.9,0,0,0
15:32:47,118977,24.8,0,0,0
15:33:20,118978,24.8,0,0,0
15:33:52,118959,24.8,0,0,0
15:34:24,118964,24.8,0,0,0
15:34:56,118969,24.8,0,0,0
15:35:28,118967,24.8,0,0,0
15:36:00,118915,24.8,0,0,0
15:36:32,118844,24.9,0,0,0
15:37:04,118934,24.8,0,0,0
15:37:36,118931,24.9,0,0,0
15:38:08,118948,24.8,0,0,0
15:38:40,118950,24.8,0,0,0
15:39:12,118951,24.9,0,0,0
15:39:44,118906,24.9,0,0,0
15:40:16,118950,24.8,0,0,0
15:40:48,118967,24.8,0,0,0
15:41:20,118957,24.8,0,0,0
15:41:52,118972,24.8,0,0,0
15:42:24,118961,24.8,0,0,0
15:42:56,118961,24.8,0,0,0
15:43:28,118986,24.8,0,0,0
15:44:00,118988,24.8,0,0,0
15:44:32,118980,24.8,0,0,0
15:45:04,118974,24.8,0,0,0
15:45:36,118996,24.8,0,0,0
15:46:08,118968,24.8,0,0,0
15:46:40,118975,24.8,0,0,0
15:47:12,118951,24.8,0,0,0
15:47:44,118955,24.8,0,0,0
15:48:16,118913,24.9,0,0,0
15:48:48,118934,24.8,0,0,0
15:49:21,118912,24.9,0,0,0
15:49:53,118891,24.9,0,0,0
15:50:25,118860,24.9,0,0,0
15:50:57,118875,24.9,0,0,0
15:51:29,118895,24.9,0,0,0
15:52:01,118906,24.9,0,0,0
15:52:33,118889,24.9,0,0,0
15:53:05,118876,24.9,0,0,0
15:53:37,118847,24.9,0,0,0
15:54:09,118927,24.8,0,0,0
15:54:41,118938,24.8,0,0,0
15:55:13,118918,24.9,0,0,0
15:55:45,118894,24.9,0,0,0
15:56:17,118892,24.9,0,0,0
15:56:49,118936,24.8,0,0,0
15:57:21,118926,24.8,0,0,0
15:57:53,118918,24.9,0,0,0
15:58:25,118912,24.8,0,0,0
15:58:57,118919,24.9,0,0,0
15:59:29,118923,24.8,0,0,0
16:00:01,118936,24.8,0,0,0
16:00:33,118938,24.8,0,0,0
16:01:05,118904,24.9,0,0,0
16:01:37,118888,25,0,0,0
16:02:09,118920,24.9,0,0,0
16:02:41,118909,24.9,0,0,0
16:03:13,118847,24.9,0,0,0
16:03:45,118879,24.9,0,0,0
16:04:17,118877,24.9,0,0,0
16:04:49,118889,24.9,0,0,0
16:05:21,118891,24.9,0,0,0
16:05:54,118876,24.9,0,0,0
16:06:26,118884,24.9,0,0,0
16:06:58,118888,24.9,0,0,0
16:07:30,118886,24.9,0,0,0
16:08:02,118908,24.9,0,0,0
16:08:34,118889,24.9,0,0,0
16:09:06,118880,24.9,0,0,0
16:09:38,118908,24.9,0,0,0
16:10:10,118926,24.8,0,0,0
16:10:42,118930,24.8,0,0,0
16:11:14,118913,24.9,0,0,0
16:11:46,118889,24.9,0,0,0
16:12:18,118892,24.9,0,0,0
16:12:50,118909,24.9,0,0,0
16:13:22,118906,24.9,0,0,0
16:13:54,118890,24.9,0,0,0
16:14:26,118892,24.9,0,0,0
16:14:58,118878,24.9,0,0,0
16:15:30,118899,24.9,0,0,0
16:16:02,118891,24.9,0,0,0
16:16:34,118876,24.9,0,0,0
16:17:06,118877,24.9,0,0,0
16:17:38,118895,24.8,0,0,0
16:18:10,118907,24.8,0,0,0
16:18:42,118893,24.9,0,0,0
16:19:14,118879,24.9,0,0,0
16:19:46,118865,24.9,0,0,0
16:20:18,118868,24.9,0,0,0
16:20:50,118868,24.9,0,0,0
16:21:22,118853,24.9,0,0,0
16:21:54,118849,24.9,0,0,0
16:22:27,118827,24.9,0,0,0
16:22:59,118832,24.9,0,0,0
16:23:31,118855,24.9,0,0,0
16:24:03,118867,24.9,0,0,0
16:24:35,118853,24.9,0,0,0
16:25:07,118864,24.9,0,0,0
16:25:39,118879,24.9,0,0,0
16:26:11,118824,24.9,0,0,0
16:26:43,118842,24.9,0,0,0
16:27:15,118837,24.9,0,0,0
16:27:47,118845,24.9,0,0,0
16:28:19,118829,24.9,0,0,0
16:28:51,118855,24.9,0,0,0
16:29:23,118852,24.9,0,0,0
16:29:55,118827,24.9,0,0,0
16:30:27,118837,24.9,0,0,0
16:30:59,118865,24.8,0,0,0
16:31:31,118903,24.8,0,0,0
16:32:03,118850,24.9,0,0,0
16:32:35,118838,24.9,0,0,0
16:33:07,118836,24.9,0,0,0
16:33:39,118858,24.9,0,0,0
16:34:11,118885,24.9,0,0,0
16:34:43,118879,24.9,0,0,0
16:35:15,118867,24.9,0,0,0
16:35:47,118867,24.9,0,0,0
16:36:19,118795,24.9,0,0,0
16:36:51,118859,24.9,0,0,0
16:37:23,118852,24.9,0,0,0
16:37:55,118835,24.9,0,0,0
16:38:27,118846,24.9,0,0,0
16:39:00,118868,24.9,0,0,0
16:39:32,118846,24.9,0,0,0
16:40:04,118877,24.9,0,0,0
16:40:36,118869,24.9,0,0,0
16:41:08,118858,24.9,0,0,0
16:41:40,118897,24.8,0,0,0
16:42:12,118889,24.8,0,0,0
16:42:44,118890,24.9,0,0,0
16:43:16,118858,24.9,0,0,0
16:43:48,118844,24.9,0,0,0
16:44:20,118872,24.9,0,0,0
16:44:52,118865,24.9,0,0,0
16:45:24,118848,24.9,0,0,0
16:45:56,118847,24.9,0,0,0
16:46:28,118844,24.9,0,0,0
16:47:00,118845,24.9,0,0,0
16:47:32,118853,24.9,0,0,0
16:48:04,118825,24.9,0,0,0
16:48:36,118791,24.9,0,0,0
16:49:08,118800,24.9,0,0,0
16:49:40,118855,24.9,0,0,0
16:50:12,118847,24.9,0,0,0
16:50:44,118842,24.9,0,0,0
16:51:16,118834,24.9,0,0,0
16:51:48,118842,24.9,0,0,0
16:52:20,118825,24.9,0,0,0
16:52:52,118821,24.9,0,0,0
16:53:24,118820,24.9,0,0,0
16:53:56,118810,24.9,0,0,0
16:54:28,118837,24.9,0,0,0
16:55:01,118825,24.9,0,0,0
16:55:33,118827,24.9,0,0,0
16:56:05,118835,24.9,0,0,0
16:56:37,118818,24.9,0,0,0
16:57:09,118833,24.9,0,0,0
16:57:41,118836,24.9,0,0,0
16:58:13,118832,24.9,0,0,0
16:58:45,118826,24.9,0,0,0
16:59:17,118817,24.9,0,0,0
16:59:49,118813,24.9,0,0,0
17:00:21,118818,24.9,0,0,0
17:00:53,118500,25.1,0,0,0
17:01:25,118437,25.1,0,0,0
17:01:57,118423,25,0,0,0
17:02:29,118466,25,0,0,0
17:03:01,118414,25,0,0,0
17:03:33,118208,25.3,0,0,0
17:04:05,117416,26,0,0,0
17:04:37,116875,26.5,0,0,0
17:05:09,115532,27.8,0,0,0
17:05:41,115595,27.8,0,0,0
17:06:13,115627,27.8,0,0,0
17:06:45,115585,27.8,0,0,0
17:07:17,115591,27.8,0,0,0
17:07:49,115599,27.8,0,0,0
17:08:21,115619,27.8,0,0,0
17:08:53,115607,27.8,0,0,0
17:09:25,115624,27.8,0,0,0
17:09:57,115600,27.8,0,0,0
17:10:29,117719,25.6,0,0,0
17:11:01,118547,24.9,0,0,0
17:11:33,118547,24.9,0,0,0
17:12:06,118551,24.9,0,0,0
17:12:38,118537,24.9,0,0,0
17:13:10,118550,24.9,0,0,0
17:13:42,118583,24.9,0,0,0
17:14:14,118555,24.9,0,0,0
17:14:46,118534,24.9,0,0,0
17:15:18,118531,24.9,0,0,0
17:15:50,118563,24.9,0,0,0
17:16:22,118566,24.9,0,0,0
17:16:54,118560,24.9,0,0,0
17:17:26,118560,24.9,0,0,0
17:17:58,118540,24.9,0,0,0
17:18:30,118546,24.9,0,0,0
17:19:02,118559,24.9,0,0,0
17:19:34,118534,24.9,0,0,0
17:20:06,118524,24.9,0,0,0
17:20:38,118508,24.9,0,0,0
17:21:10,118531,24.9,0,0,0
17:21:42,118519,24.9,0,0,0
17:22:14,118514,24.9,0,0,0
17:22:46,118526,24.9,0,0,0
17:23:18,118522,24.9,0,0,0
17:23:50,118516,24.9,0,0,0
17:24:22,118541,24.9,0,0,0
17:24:54,118534,24.9,0,0,0
17:25:26,118538,24.9,0,0,0
17:25:58,118465,25,0,0,0
17:26:30,118479,25,0,0,0
17:27:02,118517,24.9,0,0,0
17:27:34,118511,24.9,0,0,0
17:28:07,118509,24.9,0,0,0
17:28:39,118502,24.9,0,0,0
17:29:11,118499,24.9,0,0,0
17:29:43,118571,24.9,0,0,0
17:30:15,118576,24.9,0,0,0
17:30:47,118590,24.9,0,0,0
17:31:19,118571,24.9,0,0,0
17:31:51,118560,24.9,0,0,0
17:32:23,118530,24.9,0,0,0
17:32:55,118530,24.9,0,0,0
17:33:27,118540,24.9,0,0,0
17:33:59,118512,24.9,0,0,0
17:34:31,118536,24.9,0,0,0
17:35:03,118529,24.9,0,0,0
17:35:35,118528,24.9,0,0,0
17:36:07,118522,24.9,0,0,0
17:36:39,118450,24.9,0,0,0
17:37:11,118531,24.9,0,0,0
17:37:43,118488,24.9,0,0,0
17:38:15,118491,24.9,0,0,0
17:38:47,118484,25,0,0,0
17:39:19,118453,25,0,0,0
17:39:51,118471,24.9,0,0,0
17:40:23,118488,24.9,0,0,0
17:40:55,118499,24.9,0,0,0
17:41:27,118477,25,0,0,0
17:41:59,118464,24.9,0,0,0
17:42:31,118485,25,0,0,0
17:43:03,118475,24.9,0,0,0
17:43:35,118427,24.9,0,0,0
17:44:07,118470,25,0,0,0
17:44:40,118474,24.9,0,0,0
17:45:12,118490,24.9,0,0,0
17:45:44,118507,24.9,0,0,0
17:46:16,118515,24.9,0,0,0
17:46:48,118517,24.9,0,0,0
17:47:20,118483,24.9,0,0,0
17:47:52,118491,24.9,0,0,0
17:48:24,118466,24.9,0,0,0
17:48:56,118469,24.9,0,0,0
17:49:28,118453,25,0,0,0
17:50:00,118462,24.9,0,0,0
17:50:32,118462,24.9,0,0,0
17:51:04,118474,24.9,0,0,0
17:51:36,118479,24.9,0,0,0
17:52:08,118458,24.9,0,0,0
17:52:40,118464,24.9,0,0,0
17:53:12,118475,24.9,0,0,0
17:53:44,118487,25,0,0,0
17:54:16,118450,24.9,0,0,0
17:54:48,118484,24.9,0,0,0
17:55:20,118476,24.9,0,0,0
17:55:52,118472,24.9,0,0,0
17:56:24,118517,24.9,0,0,0
17:56:56,118524,24.9,0,0,0
17:57:28,118510,24.9,0,0,0
17:58:00,118505,24.9,0,0,0
17:58:32,118510,24.9,0,0,0
17:59:04,118526,24.9,0,0,0
17:59:36,118520,24.9,0,0,0
18:00:08,118506,24.9,0,0,0
18:00:40,118499,24.9,0,0,0
18:01:12,118463,24.9,0,0,0
18:01:45,118457,24.9,0,0,0
18:02:17,118450,24.9,0,0,0
18:02:49,118348,25,0,0,0
18:03:21,118375,25,0,0,0
18:03:53,117705,25.7,0,0,0
18:04:25,116714,26.6,0,0,0
18:04:57,115489,27.8,0,0,0
18:05:29,115482,27.9,0,0,0
18:06:01,115492,27.8,0,0,0
18:06:33,115498,27.8,0,0,0
18:07:05,115582,27.7,0,0,0
18:07:37,117116,26.3,0,0,0
18:08:09,117109,26.3,0,0,0
18:08:41,117140,26.2,0,0,0
18:09:13,117164,26.2,0,0,0
18:09:45,117158,26.2,0,0,0
18:10:17,117161,26.2,0,0,0
18:10:49,118481,24.9,0,0,0
18:11:21,118493,24.9,0,0,0
18:11:53,118488,24.9,0,0,0
18:12:25,118498,25,0,0,0
18:12:57,118455,24.9,0,0,0
18:13:29,118475,24.9,0,0,0
18:14:01,118470,24.9,0,0,0
18:14:33,118484,24.9,0,0,0
18:15:05,118490,24.9,0,0,0
18:15:37,118483,24.9,0,0,0
18:16:09,118475,24.9,0,0,0
18:16:41,118466,24.9,0,0,0
18:17:13,118462,24.9,0,0,0
18:17:45,118438,25,0,0,0
18:18:17,118440,25,0,0,0
18:18:50,118441,25,0,0,0
18:19:22,118433,24.9,0,0,0
18:19:54,118431,25,0,0,0
18:20:26,118457,24.9,0,0,0
18:20:58,118492,24.9,0,0,0
18:21:30,118489,24.9,0,0,0
18:22:02,118479,24.9,0,0,0
18:22:34,118478,24.9,0,0,0
18:23:06,118497,24.9,0,0,0
18:23:38,118459,24.9,0,0,0
18:24:10,118502,24.9,0,0,0
18:24:42,118502,24.9,0,0,0
18:25:14,118509,24.9,0,0,0
18:25:46,118489,24.9,0,0,0
18:26:18,118491,24.9,0,0,0
18:26:50,118499,24.9,0,0,0
18:27:22,118502,24.9,0,0,0
18:27:54,118505,24.9,0,0,0
18:28:26,118517,24.9,0,0,0
18:28:58,118504,24.9,0,0,0
18:29:30,118485,24.9,0,0,0
18:30:02,118482,25,0,0,0
18:30:34,118451,24.9,0,0,0
18:31:06,118504,24.9,0,0,0
18:31:38,118499,24.9,0,0,0
18:32:10,118431,25,0,0,0
18:32:42,118432,24.9,0,0,0
18:33:14,118441,24.9,0,0,0
18:33:46,118470,24.9,0,0,0
18:34:18,118460,24.9,0,0,0
18:34:50,118432,25,0,0,0
18:35:22,118429,25,0,0,0
18:35:55,118439,24.9,0,0,0
18:36:27,118453,25,0,0,0
18:36:59,118397,24.9,0,0,0
18:37:31,118416,24.9,0,0,0
18:38:03,118451,24.9,0,0,0
18:38:35,118454,24.9,0,0,0
18:39:07,118474,24.9,0,0,0
18:39:39,118466,24.9,0,0,0
18:40:11,118456,24.9,0,0,0
18:40:43,118457,24.9,0,0,0
18:41:15,118487,24.9,0,0,0
18:41:47,118494,24.9,0,0,0
18:42:19,118481,24.9,0,0,0
18:42:51,118481,24.9,0,0,0
18:43:23,118474,24.9,0,0,0
18:43:55,118475,24.9,0,0,0
18:44:27,118494,24.9,0,0,0
18:44:59,118490,24.9,0,0,0
18:45:31,118481,24.9,0,0,0
18:46:03,118471,24.9,0,0,0
18:46:35,118474,24.9,0,0,0
18:47:07,118446,25,0,0,0
18:47:39,118432,24.9,0,0,0
18:48:11,118411,24.9,0,0,0
18:48:43,118422,24.9,0,0,0
18:49:15,118428,24.9,0,0,0
18:49:47,118458,24.9,0,0,0
18:50:19,118495,24.9,0,0,0
18:50:51,118491,24.9,0,0,0
18:51:24,118489,24.9,0,0,0
18:51:56,118497,24.8,0,0,0
18:52:28,118512,24.8,0,0,0
18:53:00,118504,24.8,0,0,0
18:53:32,118492,24.9,0,0,0
18:54:04,118506,24.9,0,0,0
18:54:36,118513,24.8,0,0,0
18:55:08,118520,24.8,0,0,0
18:55:40,118521,24.8,0,0,0
18:56:12,118510,24.9,0,0,0
18:56:44,118522,24.9,0,0,0
18:57:16,118522,24.8,0,0,0
18:57:48,118538,24.8,0,0,0
18:58:20,118482,24.8,0,0,0
18:58:52,118470,24.9,0,0,0
18:59:24,118456,24.9,0,0,0
18:59:56,118451,24.9,0,0,0
19:00:28,118467,24.9,0,0,0
19:01:00,117654,25.6,0,0,0
19:01:32,117548,25.8,0,0,0
19:02:04,117553,25.8,0,0,0
19:02:36,117544,25.8,0,0,0
19:03:08,117514,25.8,0,0,0
19:03:40,117450,25.9,0,0,0
19:04:12,117442,26,0,0,0
19:04:44,116750,27.4,1,0.7,1.5
19:05:16,115286,28.9,1,2.1,3.1
19:05:48,115315,29.2,1,2.2,3.3
19:06:20,115113,29.3,1,2.3,3.4
19:06:52,114267,30.1,1,3.1,4.3
19:07:24,113881,30.6,1,3.4,4.6
19:07:56,114201,30.3,1,3.1,4.3
19:08:28,115017,29.4,1,2.5,3.7
19:09:00,114653,29.8,1,2.8,4
19:09:32,113985,30.4,1,3.4,4.6
19:10:04,114448,30.1,1,3,4.2
19:10:37,114339,30.2,1,3.1,4.3
19:11:09,114439,30,1,3.1,4.3
19:11:41,113922,30.5,1,3.5,4.7
19:12:13,114283,30,1,3.1,4.3
19:12:45,114227,30.2,1,3.2,4.3
19:13:17,114366,30,1,3,4.2
19:13:49,114227,30.1,1,3.1,4.3
19:14:21,114243,30.2,1,3.2,4.3
19:14:53,114143,30.2,1,3.3,4.5
19:15:25,114177,30.2,1,3.2,4.3
19:15:57,114197,30.2,1,3.3,4.4
19:16:29,113402,33.1,2,4.4,7.2
19:17:01,112025,34.2,2,5.6,8.3
19:17:33,111212,35.1,2,6.4,9.1
19:18:05,111176,35.1,2,6.4,9.2
19:18:37,111149,35.1,2,6.5,9.3
19:19:09,112013,34.3,2,5.7,8.5
19:19:41,112945,32.6,2,4.7,6.7
19:20:13,112084,34.2,2,5.6,8.2
19:20:45,111508,34.9,2,6.1,8.9
19:21:17,111755,34.7,2,5.9,8.7
19:21:49,96601,57.1,18,23.9,31.2
19:22:21,76933,84.2,18,50.2,58.4
19:22:53,53542,102,18,66.6,76.2
19:23:25,51929,101.7,18,67.9,75.8
19:23:57,47303,108.3,18,73.9,82.4
19:24:29,45441,109.3,18,76.4,83.6
19:25:01,46946,106,17,75.3,80.1
19:25:33,45948,107.4,17,76.8,81.5
19:26:05,44729,108.4,17,78.6,82.6
19:26:37,42560,112.1,18,81.4,86.2
19:27:09,40955,113.6,18,83.6,87.6
19:27:41,39652,114.8,18,85.2,88.8
19:28:14,40775,114,18,84.8,88
19:28:46,40136,114.3,18,86.1,88.3
19:29:18,39630,114.9,18,86.9,88.9
19:29:50,41642,113.9,18,85.1,88.1
19:30:22,41479,114.2,18,85.6,88.3
19:30:54,41502,113.9,18,86,88
19:31:26,41259,114.2,18,86.7,88.3
19:31:58,41168,114.3,18,87.3,88.5
19:32:30,40290,114.7,18,88.5,88.7
19:33:02,40326,115.5,18,88.9,89.5
19:33:34,39709,115.4,18,90,89.5
19:34:06,39238,115.6,18,91.1,89.7
19:34:38,39176,115.9,18,91.5,90
19:35:10,39140,115.9,18,91.9,90
19:35:42,38746,116.1,18,92.7,90.2
19:36:14,39913,116.6,18,83.5,90.7
19:36:46,42004,117.7,18,85.2,91.8
19:37:18,42558,117.7,18,86,91.7
19:37:50,43913,116.8,18,85.2,90.6
19:38:22,43595,117.2,18,85.9,91.1
19:38:54,43700,117.2,18,86.1,91.1
19:39:26,43641,116.9,18,86.8,90.9
19:39:58,43537,116.9,18,87.2,90.8
19:40:30,42822,117.1,18,88.3,91.1
19:41:02,43469,116.9,18,88.2,90.9
19:41:34,43648,116.7,18,88.5,90.8
19:42:06,43060,116.9,18,89.6,91
19:42:38,43382,116.6,18,89.7,90.6
19:43:11,43256,116.8,18,90.2,90.8
19:43:43,48258,117.1,18,67.9,91
19:44:15,51213,117.8,18,69.4,91.7
19:44:47,53335,117.1,18,68.9,90.9
19:45:19,53272,117.2,18,69.4,91
19:45:51,52939,117.3,18,69.9,90.9
19:46:23,53059,117.2,18,70.2,91
19:46:55,52630,117.3,18,71.1,91
19:47:27,52220,117.4,18,71.7,91
19:47:59,51957,117.8,18,72.4,91.5
19:48:31,51586,118,19,73.2,91.6
19:49:03,51763,118,19,73.3,91.5
19:49:35,51440,118.2,19,74.1,91.7
19:50:07,51110,118.2,19,74.7,91.7
19:50:39,51398,118.3,19,74.8,91.9
19:51:11,51733,118,18,74.9,91.5
19:51:43,53001,118.6,18,76.1,92.3
19:52:15,53282,118.8,18,76.7,92.5
19:52:47,54370,118,18,76.7,91.6
19:53:19,51750,119.3,18,79.4,92.9
19:53:51,54988,117.5,18,78.2,91.1
19:54:23,54141,118.5,18,79.5,92.1
19:54:55,53704,119,18,80.4,92.7
19:55:27,52863,119.7,18,81.6,93.3
19:55:59,51979,120.4,18,83,94.1
19:56:31,51310,121.1,18,84,94.7
19:57:03,51110,121.5,18,84.7,95.2
19:57:35,50088,122.4,18,86,95.9
19:58:08,48587,123.7,18,87.9,97.3
19:58:40,49457,123.8,18,80.3,97.4
19:59:12,51086,125,18,81.8,98.6
19:59:44,51039,125.4,18,82.8,99
20:00:16,51493,125.4,18,83.3,99
20:00:48,51264,125.7,18,84,99.3
20:01:20,50907,125.4,18,84.5,99
20:01:52,51736,123.6,18,86.9,97.1
20:02:24,50832,124.3,18,87.9,97.8
20:02:56,51498,121.8,18,88.5,95.4
20:03:28,51267,121.8,18,90.6,95.3
20:04:00,50668,121,18,92.4,94.5
20:04:32,50149,120,18,94,93.7
20:05:04,47639,121.8,18,98.1,95.5
20:05:36,46577,121.9,18,100.6,95.6
20:06:08,47480,121.7,18,102.3,95.4
20:06:40,46627,122.2,18,103.3,95.9
20:07:12,47393,121.8,18,102.9,95.5
20:07:44,46806,122.5,18,103.5,96
20:08:16,46629,122.2,18,103.9,95.9
20:08:48,45191,122.3,18,106.1,96.1
20:09:20,45972,122,18,105.4,95.7
20:09:52,45296,122.2,18,106.2,95.8
20:10:24,45093,122.3,18,106.5,95.9
20:10:56,44092,121.5,18,107.9,95.1
20:11:28,44399,121.6,18,108,95.2
20:12:00,44305,121.6,18,108.3,95.2
20:12:32,44175,121.8,18,108.6,95.5
20:13:05,43844,122.2,18,109,95.8
20:13:37,43659,122.2,18,109.3,95.9
20:14:09,42871,120.8,18,110.8,94.5
20:14:41,42538,121.2,18,112.5,94.9
20:15:13,42581,120.7,18,112.5,94.5
20:15:45,42567,120.9,18,112.6,94.6
20:16:17,42826,120.8,18,112.5,94.6
20:16:49,45904,115.1,17,109.8,88.9
20:17:21,45486,115.4,17,110.3,89.2
20:17:53,46808,112.1,17,109.2,85.9
20:18:25,47111,112,17,109.7,85.8
20:18:57,47763,112,17,109.2,85.8
20:19:29,47577,111.8,17,109.4,85.6
20:20:01,47496,112,17,109.5,85.8
20:20:33,47504,112,17,109.5,85.8
20:21:05,48890,109.3,17,109,83
20:21:37,48482,109.7,17,109.5,83.4
20:22:09,48085,109.8,17,109.7,83.6
20:22:41,48291,109.9,17,109.4,83.6
20:23:13,47942,110,17,109.7,83.8
20:23:45,47682,109.9,17,108.3,83.6
20:24:17,48506,109.7,17,107.7,83.5
20:24:49,48244,110,17,107.8,83.8
20:25:21,50972,106.8,17,106.9,80.6
20:25:53,51192,106.7,17,106.6,80.6
20:26:25,51124,106.6,17,106.7,80.4
20:26:57,51121,106.9,17,106.7,80.7
20:27:30,50995,106.7,17,106.8,80.6
20:28:02,51012,106.7,17,106.8,80.6
20:28:34,51236,106.6,17,106.6,80.5
20:29:06,50906,106.9,17,106.9,80.8
20:29:38,51167,106.8,17,106.7,80.7
20:30:10,50993,106.8,17,106.8,80.7
20:30:42,50964,106.8,17,106.9,80.8
20:31:14,50539,107.4,17,107.4,81.3
20:31:46,50431,107.3,17,107.4,81.3
20:32:18,50550,107.2,17,107.4,81.2
20:32:50,50300,107.5,17,107.7,81.5
20:33:22,50471,107.5,17,107.5,81.5
20:33:54,49749,108,17,108.2,82.1
20:34:26,49235,108.7,17,108.7,82.7
20:34:58,48235,109.5,17,109.9,83.5
20:35:30,50759,107.1,17,107.2,81.1
20:36:02,49903,107.8,17,108.1,81.9
20:36:34,49592,108.3,17,108.3,82.3
20:37:06,49472,108.1,17,108.5,82.1
20:37:38,49830,107.3,17,108.4,82
20:38:10,52816,104.5,17,105.5,79.2
20:38:42,52242,105.1,17,106.2,79.8
20:39:14,60658,96.4,17,97.8,71.1
20:39:46,60559,96.5,17,97.9,71.2
20:40:18,60084,97.2,17,98.5,71.8
20:40:50,62593,94.3,17,96,69
20:41:22,62059,95,17,96.5,69.6
20:41:54,60781,96.2,17,97.7,70.9
20:42:27,60557,96.4,17,97.9,71.1
20:42:59,66443,90.5,17,92.2,65.2
20:43:31,66310,90.4,17,92.3,65.1
20:44:03,69212,87.5,17,89.4,62.2
20:44:35,74528,82.2,17,84.4,56.9
20:45:07,76992,79.5,17,81.5,53.9
20:45:39,77117,79.5,17,81.4,53.8
20:46:11,77435,79.1,17,81.4,53.8
20:46:43,77362,79.2,17,81.5,53.8
20:47:15,118962,25.1,0,0,0
20:47:47,118969,25.1,0,0,0
20:48:19,118926,25.1,0,0,0
20:48:51,118881,25,0,0,0
20:49:23,118907,25,0,0,0
20:49:55,118906,25,0,0,0
20:50:27,118916,25,0,0,0
20:50:59,118900,25,0,0,0
20:51:31,118923,25,0,0,0
20:52:03,118912,25,0,0,0
20:52:35,118881,25,0,0,0
20:53:07,118876,25,0,0,0
20:53:39,118844,25,0,0,0
20:54:11,118859,25,0,0,0
20:54:43,118448,25.7,0,0,0
20:55:15,118246,25.7,0,0,0
20:55:47,118246,25.7,0,0,0
20:56:19,118246,25.7,0,0,0
20:56:51,118303,25.6,0,0,0
20:57:23,118301,25.6,0,0,0
20:57:55,118120,25.8,0,0,0
20:58:27,118158,25.8,0,0,0
20:58:59,118139,25.8,0,0,0
20:59:31,118142,25.8,0,0,0
21:00:04,118082,25.7,0,0,0
21:00:36,118242,25.6,0,0,0
21:01:08,117326,28.1,1,0.7,2.2
21:01:40,115615,29.8,1,2.4,4
21:02:12,118088,25.9,0,0,0
21:02:44,117577,26.3,0,0,0
21:03:16,117575,26.4,0,0,0
21:03:48,117661,26.5,0,0,0
21:04:20,117765,26.4,0,0,0
21:04:52,117761,26.4,0,0,0
21:05:24,117695,26.4,0,0,0
21:05:56,117704,26.4,0,0,0
21:06:28,117682,26.5,0,0,0
21:07:00,117573,26.5,0,0,0
21:07:32,117568,26.5,0,0,0
21:08:04,117675,26.4,0,0,0
21:08:36,117658,26.4,0,0,0
21:09:08,116431,29.1,2,1.1,2.6
21:09:40,115997,29.5,2,1.4,3
21:10:12,115918,29.6,2,1.6,3.2
21:10:44,117649,26.4,0,0,0
21:11:16,117636,26.4,0,0,0
