RAM watch armed: total=127.7 GB, kill if Available < 8 GB, every 30s -> plans/shared-memory-day-cache/_measure/ram_nakedvar.csv
19:07:12,114707,29.8,1,2.7,3.9
19:07:44,114736,29.8,1,2.6,3.8
19:08:16,114516,29.7,1,2.8,3.9
19:08:48,114556,29.9,1,2.9,4.1
19:09:20,114865,29.6,1,2.6,3.8
19:09:52,113834,30.1,1,3.1,4.2
19:10:24,114614,29.9,1,2.8,4
19:10:56,114781,29.7,1,2.8,3.9
19:11:29,114553,30.6,2,3,4.8
19:12:01,114452,30,1,2.9,4.2
19:12:33,114413,29.9,1,3,4.2
19:13:05,114235,30.2,1,3.1,4.3
19:13:37,114129,30.2,1,3.2,4.4
19:14:09,114292,30.1,1,3.1,4.3
19:14:41,114287,30.2,1,3.2,4.3
19:15:13,114181,30.2,1,3.3,4.4
19:15:45,114198,30.2,1,3.3,4.4
19:16:17,113762,32.3,2,3.9,6.4
19:16:49,112043,33.8,2,5.2,7.9
19:17:21,111859,34.5,2,5.8,8.6
19:17:53,111876,34.2,2,5.6,8.3
19:18:25,110926,34.4,2,5.7,8.5
19:18:57,110475,35,2,6.4,9.2
19:19:29,110507,35.7,2,7.1,9.9
19:20:01,112544,33.6,2,5.1,7.8
19:20:33,111294,34.2,2,5.4,8.3
19:21:05,110730,35.5,2,6.8,9.6
19:21:37,105918,48.6,18,15.7,22.7
19:22:09,93166,62.4,18,28.2,36.6
19:22:41,22072,125.6,18,90,99.8
19:23:13,52562,102.3,18,68,76.5
19:23:45,49413,105.8,18,71.5,79.9
19:24:17,45724,109.1,18,75.8,83.3
19:24:49,47362,105.6,17,74.9,79.8
19:25:21,46062,107.4,17,76.4,81.5
19:25:53,45297,108,17,77.9,82.2
19:26:25,43564,110.4,18,80.3,84.4
19:26:57,41564,113.1,18,82.7,87.2
19:27:29,39930,114.3,18,85,88.3
19:28:01,40122,114.5,18,85.1,88.5
19:28:34,40760,113.9,18,85.1,87.9
19:29:06,39498,115,18,87,89
19:29:38,40754,114.1,18,85.3,88.3
19:30:10,41503,114.1,18,85.5,88.2
19:30:42,41550,114,18,85.8,88.1
19:31:14,41465,113.9,18,86.4,88
19:31:46,41377,114.2,18,86.9,88.4
19:32:18,40687,114.5,18,88.1,88.6
19:32:50,40144,115.6,18,89.1,89.7
19:33:22,40167,115.4,18,89.5,89.5
19:33:54,39577,115.4,18,90.7,89.6
19:34:26,39012,115.9,18,91.3,90
19:34:58,39209,116.1,18,91.7,90
19:35:30,38964,116.1,18,92.4,90.1
19:36:02,38877,116.1,18,92.9,90.2
19:36:34,41577,117.2,18,84.6,91.3
19:37:06,42504,117.5,18,85.5,91.5
19:37:38,43906,116.8,18,84.9,90.7
19:38:10,43836,116.6,18,85.5,90.5
19:38:42,43962,116.8,18,85.7,90.6
19:39:14,43847,116.7,18,86.4,90.7
19:39:46,43948,116.8,18,86.8,90.7
19:40:18,43097,116.8,18,88,90.8
19:40:50,43406,116.9,18,88,90.9
19:41:23,43289,117,18,88.6,91
19:41:55,43509,116.9,18,89.1,90.9
19:42:27,43217,116.8,18,89.6,90.7
19:42:59,43371,116.7,18,90,90.7
19:43:31,45741,116.7,18,67.3,90.6
19:44:03,50519,117.7,18,69.2,91.6
19:44:35,52257,117,18,68.8,90.9
19:45:07,53497,116.8,18,69.1,90.7
19:45:39,53112,117.3,18,69.7,90.9
19:46:11,52810,117.4,18,70.4,91
19:46:43,52851,117.1,18,70.6,90.8
19:47:15,52271,117.5,18,71.6,91.2
19:47:47,51994,117.8,18,72.2,91.5
19:48:19,51780,117.9,19,72.7,91.5
19:48:51,51909,118,19,73.1,91.6
19:49:23,51636,118,19,73.8,91.6
19:49:55,51298,118.2,19,74.5,91.7
19:50:27,51457,117.9,19,74.5,91.4
19:50:59,51425,118.2,19,75,91.7
19:51:31,52157,118.5,18,75.8,92.1
19:52:03,53317,118.8,18,76.3,92.4
19:52:35,54614,118,18,76.3,91.6
19:53:07,57104,115.4,18,75.6,89
19:53:39,54944,117.6,18,78.1,91.2
19:54:11,54437,118,18,79.1,91.6
19:54:43,54046,118.6,18,79.8,92.2
19:55:15,53172,119.5,18,81.1,93.1
19:55:47,52295,120.3,18,82.6,94
19:56:19,51797,120.4,18,83.4,94.1
19:56:51,51044,121.5,18,84.5,95.2
19:57:24,50726,121.7,18,85.3,95.4
19:57:56,49260,123.3,18,87.2,96.9
19:58:28,48686,123.6,18,88.3,97.2
19:59:00,50293,125,18,81.6,98.6
19:59:32,51088,125.3,18,82.5,98.9
20:00:04,52126,124.7,18,82.4,98.3
20:00:36,51258,125.8,18,83.8,99.3
20:01:08,51070,125.8,18,84.5,99.3
20:01:40,49748,125.4,18,88.8,98.9
20:02:12,50901,124.3,18,87.6,97.7
20:02:44,50526,124.3,18,88.6,97.9
20:03:16,47475,126.5,18,93.6,100.1
20:03:48,49055,123.8,18,92.7,97.3
20:04:20,46656,126.4,18,98.3,100.1
20:04:52,47865,121.6,18,97.7,95.3
20:05:24,48855,119.5,18,98.3,93.2
20:05:56,46137,124.6,18,105.2,98.4
20:06:28,46870,121.9,18,102.9,95.6
20:07:00,47358,121.8,18,102.8,95.4
20:07:32,46894,122.3,18,103.4,96
20:08:04,46820,122.3,18,103.5,95.8
20:08:36,45428,121.8,18,105.7,95.5
20:09:08,45643,122.3,18,105.6,95.9
20:09:40,45497,122.2,18,105.9,95.8
20:10:12,45209,122.2,18,106.4,95.8
20:10:44,46106,119.2,18,105.8,93
20:11:16,44502,121.5,18,107.9,95.1
20:11:48,44572,121.5,18,108.1,95.2
20:12:20,43961,122,18,108.7,95.7
20:12:53,43847,122.3,18,109,95.9
20:13:25,43612,122.5,18,109.3,96.2
20:13:57,43711,121.3,18,110.8,95
20:14:29,38881,121.3,18,112.6,95
20:15:01,42683,120.8,18,112.4,94.5
20:15:33,42768,120.7,18,112.4,94.5
20:16:05,42831,120.9,18,112.4,94.7
20:16:37,45523,115.4,17,110.2,89.2
20:17:09,45746,115.1,17,110,88.9
20:17:41,45675,115.3,17,110.2,89
20:18:13,47210,112,17,109.6,85.8
20:18:45,47505,112.2,17,109.5,86
20:19:17,47763,111.9,17,109.2,85.7
20:19:49,47295,112.1,17,109.7,85.9
20:20:21,47659,112.1,17,109.4,85.9
20:20:53,48869,109.2,17,109,83
20:21:25,48798,109.7,17,108.9,82.9
20:21:57,48255,109.7,17,109.6,83.5
20:22:29,48203,109.6,17,109.6,83.5
20:23:01,48113,109.9,17,109.5,83.6
20:23:33,47700,109.9,17,109.7,83.7
20:24:05,48023,109.8,17,108.1,83.6
20:24:37,48010,109.9,17,108,83.7
20:25:09,48083,110,17,108.2,83.9
20:25:41,50660,106.7,17,107.2,80.6
20:26:13,51309,106.4,17,106.5,80.3
20:26:45,51045,106.7,17,106.7,80.6
20:27:18,50991,106.8,17,106.8,80.7
20:27:50,51214,106.6,17,106.7,80.6
20:28:22,51100,106.6,17,106.7,80.5
20:28:54,50945,106.7,17,106.9,80.6
20:29:26,51239,106.7,17,106.6,80.6
20:29:58,50903,106.8,17,106.9,80.7
20:30:30,50766,106.9,17,107.1,80.8
20:31:02,50483,107.3,17,107.2,81.2
20:31:34,50225,107.5,17,107.6,81.4
20:32:06,50338,107.3,17,107.5,81.2
20:32:38,50412,107.4,17,107.5,81.4
20:33:10,49982,107.7,17,107.9,81.7
20:33:42,49755,108,17,108.2,82
20:34:14,49587,108.2,17,108.4,82.3
20:34:46,48863,108.7,17,109.1,82.8
20:35:18,50751,107.1,17,107.2,81.1
20:35:50,50288,107.5,17,107.8,81.5
20:36:22,49638,107.9,17,108.3,81.9
20:36:54,49755,108,17,108.2,82.1
20:37:26,50173,107.2,17,108.1,81.9
20:37:58,52846,104.4,17,105.5,79.1
20:38:30,52190,105.2,17,106.1,79.9
20:39:02,57592,99.4,17,100.8,74.1
20:39:34,60693,96.5,17,97.8,71.2
20:40:06,60263,96.9,17,98.2,71.6
20:40:38,62880,94,17,95.7,68.7
20:41:10,62079,95,17,96.5,69.7
20:41:43,61187,95.9,17,97.3,70.6
20:42:15,60442,96.6,17,98,71.3
20:42:47,66366,90.5,17,92.2,65.2
20:43:19,66520,90.4,17,92.1,65.1
20:43:51,69327,87.5,17,89.4,62.2
20:44:23,71547,85.2,17,87.3,59.9
20:44:55,77076,79.4,17,81.4,53.8
20:45:27,76966,79.6,17,81.6,53.9
20:45:59,77240,79.5,17,81.4,53.8
20:46:31,77419,79.2,17,81.4,53.8
20:47:03,5305,160.7,17,150.8,135.3
!!! LOW RAM: Available 5305MB < 8192MB -- taskkill /F /IM python.exe /T
SUCCESS: The process with PID 13488 (child process of PID 30428) has been terminated.
SUCCESS: The process with PID 11448 (child process of PID 30428) has been terminated.
SUCCESS: The process with PID 30700 (child process of PID 30428) has been terminated.
SUCCESS: The process with PID 19540 (child process of PID 30428) has been terminated.
SUCCESS: The process with PID 11964 (child process of PID 30428) has been terminated.
SUCCESS: The process with PID 26984 (child process of PID 30428) has been terminated.
SUCCESS: The process with PID 1972 (child process of PID 30428) has been terminated.
SUCCESS: The process with PID 480 (child process of PID 30428) has been terminated.
SUCCESS: The process with PID 14076 (child process of PID 30428) has been terminated.
SUCCESS: The process with PID 18800 (child process of PID 30428) has been terminated.
SUCCESS: The process with PID 2972 (child process of PID 30428) has been terminated.
SUCCESS: The process with PID 1744 (child process of PID 30428) has been terminated.
SUCCESS: The process with PID 14064 (child process of PID 30428) has been terminated.
SUCCESS: The process with PID 27904 (child process of PID 30428) has been terminated.
SUCCESS: The process with PID 30172 (child process of PID 30428) has been terminated.
SUCCESS: The process with PID 26368 (child process of PID 30428) has been terminated.
SUCCESS: The process with PID 30428 (child process of PID 6592) has been terminated.
RAM watch exited.
